Arguments: 
  /usr/local/nodejs/bin/node /usr/bin/yarn add globle hexo-cli

PATH: 
  /home/waver/.sdkman/candidates/maven/current/bin:/home/waver/.sdkman/candidates/java/current/bin:/usr/local/bin:/usr/local/sbin:/usr/bin:/opt/cuda/bin:/usr/lib/jvm/default/bin:/usr/bin/site_perl:/usr/bin/vendor_perl:/usr/bin/core_perl

Yarn version: 
  1.17.3

Node version: 
  10.16.1

Platform: 
  linux x64

Trace: 
  Error: https://registry.yarnpkg.com/globle: Not found
      at Request.params.callback [as _callback] (/usr/lib/node_modules/yarn/lib/cli.js:66830:18)
      at Request.self.callback (/usr/lib/node_modules/yarn/lib/cli.js:140464:22)
      at Request.emit (events.js:198:13)
      at Request.<anonymous> (/usr/lib/node_modules/yarn/lib/cli.js:141436:10)
      at Request.emit (events.js:198:13)
      at IncomingMessage.<anonymous> (/usr/lib/node_modules/yarn/lib/cli.js:141358:12)
      at Object.onceWrapper (events.js:286:20)
      at IncomingMessage.emit (events.js:203:15)
      at endReadableNT (_stream_readable.js:1145:12)
      at process._tickCallback (internal/process/next_tick.js:63:19)

npm manifest: 
  No manifest

yarn manifest: 
  No manifest

Lockfile: 
  No lockfile
